{"contracts\\Election.sol":{"l":{"57":4,"58":4,"59":4,"60":4,"61":4,"62":4,"73":1,"74":0,"76":1,"77":0,"79":1,"80":1,"81":1,"82":1,"89":2,"90":0,"92":2,"93":0,"95":2,"96":0,"98":2,"102":1,"103":0,"105":1,"106":1,"108":1,"117":0,"118":0,"120":0,"121":0,"123":0,"124":0,"126":0,"127":0,"129":0,"130":0,"132":0,"133":0,"134":0,"138":0,"139":0,"141":0,"142":0,"145":0,"146":0,"149":0,"150":0,"151":0,"152":0,"153":0,"154":0,"157":0,"158":0,"164":2,"168":1,"172":1,"176":2,"180":0,"184":1,"196":1,"197":0,"199":1,"215":1,"216":0,"218":1,"235":0,"236":0,"238":0},"path":"D:\\Projects\\Web3\\Election-DAPP\\server\\contracts\\Election.sol","s":{"1":1,"2":1,"3":1,"4":1,"5":2,"6":2,"7":2,"8":1,"9":0,"10":0,"11":0,"12":0,"13":0,"14":0,"15":0,"16":0,"17":0,"18":0,"19":0,"20":0,"21":0,"22":0,"23":2,"24":1,"25":1,"26":2,"27":0,"28":1,"29":1,"30":1,"31":1,"32":1,"33":0,"34":0},"b":{"1":[0,1],"2":[0,1],"3":[0,2],"4":[0,2],"5":[0,2],"6":[0,1],"7":[0,0],"8":[0,0],"9":[0,0],"10":[0,0],"11":[0,0],"12":[0,0],"13":[0,0],"14":[0,0],"15":[0,0],"16":[0,1],"17":[0,1],"18":[0,0]},"f":{"1":4,"2":1,"3":2,"4":1,"5":0,"6":0,"7":2,"8":1,"9":1,"10":2,"11":0,"12":1,"13":1,"14":1,"15":0},"fnMap":{"1":{"name":"constructor","line":52,"loc":{"start":{"line":52,"column":4},"end":{"line":63,"column":4}}},"2":{"name":"addCandidate","line":67,"loc":{"start":{"line":67,"column":4},"end":{"line":83,"column":4}}},"3":{"name":"registerVoter","line":87,"loc":{"start":{"line":87,"column":4},"end":{"line":99,"column":4}}},"4":{"name":"addVoters","line":101,"loc":{"start":{"line":101,"column":4},"end":{"line":109,"column":4}}},"5":{"name":"vote","line":112,"loc":{"start":{"line":112,"column":4},"end":{"line":135,"column":4}}},"6":{"name":"delcareWinnerCandidate","line":137,"loc":{"start":{"line":137,"column":4},"end":{"line":160,"column":4}}},"7":{"name":"getElectionAddress","line":163,"loc":{"start":{"line":163,"column":4},"end":{"line":165,"column":4}}},"8":{"name":"getElectionName","line":167,"loc":{"start":{"line":167,"column":4},"end":{"line":169,"column":4}}},"9":{"name":"getElectionDescription","line":171,"loc":{"start":{"line":171,"column":4},"end":{"line":173,"column":4}}},"10":{"name":"getNumofCandidates","line":175,"loc":{"start":{"line":175,"column":4},"end":{"line":177,"column":4}}},"11":{"name":"getNumofVoters","line":179,"loc":{"start":{"line":179,"column":4},"end":{"line":181,"column":4}}},"12":{"name":"getAuthorityAddress","line":183,"loc":{"start":{"line":183,"column":4},"end":{"line":185,"column":4}}},"13":{"name":"getPendingVoter","line":187,"loc":{"start":{"line":187,"column":4},"end":{"line":204,"column":4}}},"14":{"name":"getVoterDetails","line":206,"loc":{"start":{"line":206,"column":4},"end":{"line":223,"column":4}}},"15":{"name":"getCandidateDetails","line":226,"loc":{"start":{"line":226,"column":4},"end":{"line":243,"column":4}}}},"statementMap":{"1":{"start":{"line":73,"column":8},"end":{"line":73,"column":1939}},"2":{"start":{"line":76,"column":8},"end":{"line":76,"column":2040}},"3":{"start":{"line":79,"column":8},"end":{"line":79,"column":28}},"4":{"start":{"line":81,"column":8},"end":{"line":81,"column":42}},"5":{"start":{"line":89,"column":8},"end":{"line":89,"column":2647}},"6":{"start":{"line":92,"column":8},"end":{"line":92,"column":2748}},"7":{"start":{"line":95,"column":8},"end":{"line":95,"column":2856}},"8":{"start":{"line":102,"column":8},"end":{"line":102,"column":3114}},"9":{"start":{"line":117,"column":8},"end":{"line":117,"column":3800}},"10":{"start":{"line":120,"column":8},"end":{"line":120,"column":3901}},"11":{"start":{"line":123,"column":8},"end":{"line":123,"column":4009}},"12":{"start":{"line":126,"column":8},"end":{"line":126,"column":4138}},"13":{"start":{"line":129,"column":8},"end":{"line":129,"column":4255}},"14":{"start":{"line":138,"column":8},"end":{"line":138,"column":4594}},"15":{"start":{"line":141,"column":8},"end":{"line":141,"column":4702}},"16":{"start":{"line":145,"column":8},"end":{"line":145,"column":4866}},"17":{"start":{"line":146,"column":12},"end":{"line":146,"column":37}},"18":{"start":{"line":149,"column":12},"end":{"line":149,"column":35}},"19":{"start":{"line":150,"column":12},"end":{"line":150,"column":45}},"20":{"start":{"line":151,"column":12},"end":{"line":151,"column":5120}},"21":{"start":{"line":152,"column":16},"end":{"line":152,"column":5186}},"22":{"start":{"line":158,"column":12},"end":{"line":158,"column":42}},"23":{"start":{"line":164,"column":8},"end":{"line":164,"column":28}},"24":{"start":{"line":168,"column":8},"end":{"line":168,"column":27}},"25":{"start":{"line":172,"column":8},"end":{"line":172,"column":34}},"26":{"start":{"line":176,"column":8},"end":{"line":176,"column":29}},"27":{"start":{"line":180,"column":8},"end":{"line":180,"column":26}},"28":{"start":{"line":184,"column":8},"end":{"line":184,"column":31}},"29":{"start":{"line":196,"column":8},"end":{"line":196,"column":6398}},"30":{"start":{"line":199,"column":8},"end":{"line":199,"column":6535}},"31":{"start":{"line":215,"column":8},"end":{"line":215,"column":6937}},"32":{"start":{"line":218,"column":8},"end":{"line":218,"column":7067}},"33":{"start":{"line":235,"column":8},"end":{"line":235,"column":7528}},"34":{"start":{"line":238,"column":8},"end":{"line":238,"column":7646}}},"branchMap":{"1":{"line":73,"type":"if","locations":[{"start":{"line":73,"column":8},"end":{"line":73,"column":8}},{"start":{"line":73,"column":8},"end":{"line":73,"column":8}}]},"2":{"line":76,"type":"if","locations":[{"start":{"line":76,"column":8},"end":{"line":76,"column":8}},{"start":{"line":76,"column":8},"end":{"line":76,"column":8}}]},"3":{"line":89,"type":"if","locations":[{"start":{"line":89,"column":8},"end":{"line":89,"column":8}},{"start":{"line":89,"column":8},"end":{"line":89,"column":8}}]},"4":{"line":92,"type":"if","locations":[{"start":{"line":92,"column":8},"end":{"line":92,"column":8}},{"start":{"line":92,"column":8},"end":{"line":92,"column":8}}]},"5":{"line":95,"type":"if","locations":[{"start":{"line":95,"column":8},"end":{"line":95,"column":8}},{"start":{"line":95,"column":8},"end":{"line":95,"column":8}}]},"6":{"line":102,"type":"if","locations":[{"start":{"line":102,"column":8},"end":{"line":102,"column":8}},{"start":{"line":102,"column":8},"end":{"line":102,"column":8}}]},"7":{"line":117,"type":"if","locations":[{"start":{"line":117,"column":8},"end":{"line":117,"column":8}},{"start":{"line":117,"column":8},"end":{"line":117,"column":8}}]},"8":{"line":120,"type":"if","locations":[{"start":{"line":120,"column":8},"end":{"line":120,"column":8}},{"start":{"line":120,"column":8},"end":{"line":120,"column":8}}]},"9":{"line":123,"type":"if","locations":[{"start":{"line":123,"column":8},"end":{"line":123,"column":8}},{"start":{"line":123,"column":8},"end":{"line":123,"column":8}}]},"10":{"line":126,"type":"if","locations":[{"start":{"line":126,"column":8},"end":{"line":126,"column":8}},{"start":{"line":126,"column":8},"end":{"line":126,"column":8}}]},"11":{"line":129,"type":"if","locations":[{"start":{"line":129,"column":8},"end":{"line":129,"column":8}},{"start":{"line":129,"column":8},"end":{"line":129,"column":8}}]},"12":{"line":138,"type":"if","locations":[{"start":{"line":138,"column":8},"end":{"line":138,"column":8}},{"start":{"line":138,"column":8},"end":{"line":138,"column":8}}]},"13":{"line":141,"type":"if","locations":[{"start":{"line":141,"column":8},"end":{"line":141,"column":8}},{"start":{"line":141,"column":8},"end":{"line":141,"column":8}}]},"14":{"line":145,"type":"if","locations":[{"start":{"line":145,"column":8},"end":{"line":145,"column":8}},{"start":{"line":145,"column":8},"end":{"line":145,"column":8}}]},"15":{"line":152,"type":"if","locations":[{"start":{"line":152,"column":16},"end":{"line":152,"column":16}},{"start":{"line":152,"column":16},"end":{"line":152,"column":16}}]},"16":{"line":196,"type":"if","locations":[{"start":{"line":196,"column":8},"end":{"line":196,"column":8}},{"start":{"line":196,"column":8},"end":{"line":196,"column":8}}]},"17":{"line":215,"type":"if","locations":[{"start":{"line":215,"column":8},"end":{"line":215,"column":8}},{"start":{"line":215,"column":8},"end":{"line":215,"column":8}}]},"18":{"line":235,"type":"if","locations":[{"start":{"line":235,"column":8},"end":{"line":235,"column":8}},{"start":{"line":235,"column":8},"end":{"line":235,"column":8}}]}}},"contracts\\ElectionConductor.sol":{"l":{"19":4,"24":4,"37":1,"53":1,"61":2,"70":1,"78":0,"86":0,"96":1,"105":0,"114":0,"123":2,"132":0,"141":1,"154":1,"167":0,"181":1,"185":14,"186":1,"188":13,"191":6,"192":2,"194":4},"path":"D:\\Projects\\Web3\\Election-DAPP\\server\\contracts\\ElectionConductor.sol","s":{"1":4,"2":1,"3":1,"4":2,"5":1,"6":0,"7":0,"8":1,"9":0,"10":0,"11":2,"12":0,"13":1,"14":1,"15":0,"16":1,"17":14,"18":6},"b":{"1":[1,0],"2":[2,1],"3":[1,1],"4":[2,0],"5":[2,0],"6":[2,0],"7":[1,1],"8":[0,0],"9":[0,0],"10":[1,0],"11":[0,0],"12":[0,0],"13":[2,0],"14":[0,0],"15":[1,0],"16":[1,0],"17":[0,0],"18":[1,0],"19":[1,13],"20":[2,4]},"f":{"1":4,"2":1,"3":1,"4":2,"5":1,"6":0,"7":0,"8":1,"9":0,"10":0,"11":2,"12":0,"13":1,"14":1,"15":0,"16":1,"17":14,"18":6},"fnMap":{"1":{"name":"createElection","line":15,"loc":{"start":{"line":15,"column":4},"end":{"line":25,"column":4}}},"2":{"name":"getRegisteredElection","line":30,"loc":{"start":{"line":27,"column":4},"end":{"line":42,"column":4}}},"3":{"name":"addCandidate","line":52,"loc":{"start":{"line":47,"column":4},"end":{"line":54,"column":4}}},"4":{"name":"registerVoter","line":60,"loc":{"start":{"line":56,"column":4},"end":{"line":62,"column":4}}},"5":{"name":"addVoters","line":68,"loc":{"start":{"line":65,"column":4},"end":{"line":71,"column":4}}},"6":{"name":"vote","line":77,"loc":{"start":{"line":73,"column":4},"end":{"line":79,"column":4}}},"7":{"name":"delcareWinnerCandidate","line":83,"loc":{"start":{"line":81,"column":4},"end":{"line":87,"column":4}}},"8":{"name":"getElectionAddress","line":93,"loc":{"start":{"line":90,"column":4},"end":{"line":97,"column":4}}},"9":{"name":"getElectionName","line":102,"loc":{"start":{"line":99,"column":4},"end":{"line":106,"column":4}}},"10":{"name":"getElectionDescription","line":111,"loc":{"start":{"line":108,"column":4},"end":{"line":115,"column":4}}},"11":{"name":"getNumofCandidates","line":120,"loc":{"start":{"line":117,"column":4},"end":{"line":124,"column":4}}},"12":{"name":"getNumofVoters","line":129,"loc":{"start":{"line":126,"column":4},"end":{"line":133,"column":4}}},"13":{"name":"getAuthorityAddress","line":138,"loc":{"start":{"line":135,"column":4},"end":{"line":142,"column":4}}},"14":{"name":"getPendingVoter","line":147,"loc":{"start":{"line":144,"column":4},"end":{"line":155,"column":4}}},"15":{"name":"getCandidateDetails","line":160,"loc":{"start":{"line":157,"column":4},"end":{"line":169,"column":4}}},"16":{"name":"getVoterDetails","line":174,"loc":{"start":{"line":171,"column":4},"end":{"line":182,"column":4}}},"17":{"name":"isExist","line":184,"loc":{"start":{"line":184,"column":4},"end":{"line":189,"column":4}}},"18":{"name":"onlyAuthority","line":190,"loc":{"start":{"line":190,"column":4},"end":{"line":195,"column":4}}}},"statementMap":{"1":{"start":{"line":19,"column":8},"end":{"line":19,"column":465}},"2":{"start":{"line":37,"column":8},"end":{"line":37,"column":959}},"3":{"start":{"line":53,"column":8},"end":{"line":53,"column":77}},"4":{"start":{"line":61,"column":8},"end":{"line":61,"column":75}},"5":{"start":{"line":70,"column":8},"end":{"line":70,"column":65}},"6":{"start":{"line":78,"column":8},"end":{"line":78,"column":74}},"7":{"start":{"line":86,"column":8},"end":{"line":86,"column":73}},"8":{"start":{"line":96,"column":8},"end":{"line":96,"column":69}},"9":{"start":{"line":105,"column":8},"end":{"line":105,"column":66}},"10":{"start":{"line":114,"column":8},"end":{"line":114,"column":73}},"11":{"start":{"line":123,"column":8},"end":{"line":123,"column":69}},"12":{"start":{"line":132,"column":8},"end":{"line":132,"column":65}},"13":{"start":{"line":141,"column":8},"end":{"line":141,"column":70}},"14":{"start":{"line":154,"column":8},"end":{"line":154,"column":79}},"15":{"start":{"line":167,"column":8},"end":{"line":167,"column":4962}},"16":{"start":{"line":181,"column":8},"end":{"line":181,"column":79}},"17":{"start":{"line":185,"column":8},"end":{"line":185,"column":5383}},"18":{"start":{"line":191,"column":8},"end":{"line":191,"column":5584}}},"branchMap":{"1":{"line":30,"type":"if","locations":[{"start":{"line":30,"column":8},"end":{"line":30,"column":8}},{"start":{"line":30,"column":8},"end":{"line":30,"column":8}}]},"2":{"line":52,"type":"if","locations":[{"start":{"line":52,"column":13},"end":{"line":52,"column":13}},{"start":{"line":52,"column":13},"end":{"line":52,"column":13}}]},"3":{"line":52,"type":"if","locations":[{"start":{"line":52,"column":40},"end":{"line":52,"column":40}},{"start":{"line":52,"column":40},"end":{"line":52,"column":40}}]},"4":{"line":60,"type":"if","locations":[{"start":{"line":60,"column":13},"end":{"line":60,"column":13}},{"start":{"line":60,"column":13},"end":{"line":60,"column":13}}]},"5":{"line":60,"type":"if","locations":[{"start":{"line":60,"column":40},"end":{"line":60,"column":40}},{"start":{"line":60,"column":40},"end":{"line":60,"column":40}}]},"6":{"line":67,"type":"if","locations":[{"start":{"line":67,"column":8},"end":{"line":67,"column":8}},{"start":{"line":67,"column":8},"end":{"line":67,"column":8}}]},"7":{"line":68,"type":"if","locations":[{"start":{"line":68,"column":8},"end":{"line":68,"column":8}},{"start":{"line":68,"column":8},"end":{"line":68,"column":8}}]},"8":{"line":77,"type":"if","locations":[{"start":{"line":77,"column":13},"end":{"line":77,"column":13}},{"start":{"line":77,"column":13},"end":{"line":77,"column":13}}]},"9":{"line":83,"type":"if","locations":[{"start":{"line":83,"column":8},"end":{"line":83,"column":8}},{"start":{"line":83,"column":8},"end":{"line":83,"column":8}}]},"10":{"line":93,"type":"if","locations":[{"start":{"line":93,"column":8},"end":{"line":93,"column":8}},{"start":{"line":93,"column":8},"end":{"line":93,"column":8}}]},"11":{"line":102,"type":"if","locations":[{"start":{"line":102,"column":8},"end":{"line":102,"column":8}},{"start":{"line":102,"column":8},"end":{"line":102,"column":8}}]},"12":{"line":111,"type":"if","locations":[{"start":{"line":111,"column":8},"end":{"line":111,"column":8}},{"start":{"line":111,"column":8},"end":{"line":111,"column":8}}]},"13":{"line":120,"type":"if","locations":[{"start":{"line":120,"column":8},"end":{"line":120,"column":8}},{"start":{"line":120,"column":8},"end":{"line":120,"column":8}}]},"14":{"line":129,"type":"if","locations":[{"start":{"line":129,"column":8},"end":{"line":129,"column":8}},{"start":{"line":129,"column":8},"end":{"line":129,"column":8}}]},"15":{"line":138,"type":"if","locations":[{"start":{"line":138,"column":8},"end":{"line":138,"column":8}},{"start":{"line":138,"column":8},"end":{"line":138,"column":8}}]},"16":{"line":147,"type":"if","locations":[{"start":{"line":147,"column":8},"end":{"line":147,"column":8}},{"start":{"line":147,"column":8},"end":{"line":147,"column":8}}]},"17":{"line":160,"type":"if","locations":[{"start":{"line":160,"column":8},"end":{"line":160,"column":8}},{"start":{"line":160,"column":8},"end":{"line":160,"column":8}}]},"18":{"line":174,"type":"if","locations":[{"start":{"line":174,"column":8},"end":{"line":174,"column":8}},{"start":{"line":174,"column":8},"end":{"line":174,"column":8}}]},"19":{"line":185,"type":"if","locations":[{"start":{"line":185,"column":8},"end":{"line":185,"column":8}},{"start":{"line":185,"column":8},"end":{"line":185,"column":8}}]},"20":{"line":191,"type":"if","locations":[{"start":{"line":191,"column":8},"end":{"line":191,"column":8}},{"start":{"line":191,"column":8},"end":{"line":191,"column":8}}]}}}}